#
# A fatal error has been detected by the Java Runtime Environment:
#
#  EXCEPTION_ACCESS_VIOLATION (0xc0000005) at pc=0x00000000610fa07b, pid=3380, tid=0x0000000000001bf8
#
# JRE version: Java(TM) SE Runtime Environment (8.0_221-b11) (build 1.8.0_221-b11)
# Java VM: Java HotSpot(TM) 64-Bit Server VM (25.221-b11 mixed mode windows-amd64 compressed oops)
# Problematic frame:
# V  [jvm.dll+0x14a07b]
#
# Failed to write core dump. Minidumps are not enabled by default on client versions of Windows
#
# If you would like to submit a bug report, please visit:
#   http://bugreport.java.com/bugreport/crash.jsp
#

---------------  T H R E A D  ---------------

Current thread (0x000000001b056000):  JavaThread "JavaFX Application Thread" [_thread_in_vm, id=7160, stack(0x000000001bd30000,0x000000001be30000)]

siginfo: ExceptionCode=0xc0000005, reading address 0x0000000000000008

Registers:
RAX=0x000000001be2bc48, RBX=0x000000001afaf540, RCX=0x0000000000000000, RDX=0x000000001be2bc40
RSP=0x000000001be2bb90, RBP=0x000000001be2bc90, RSI=0x0000000000000000, RDI=0x0000000000000000
R8 =0x000000001affc420, R9 =0x0000000000000001, R10=0x0000000000000000, R11=0x0000000000000246
R12=0x000000001b004830, R13=0x000000001b056000, R14=0x000000001a11ee00, R15=0x000000001be2bd50
RIP=0x00000000610fa07b, EFLAGS=0x0000000000010246

Top of Stack: (sp=0x000000001be2bb90)
0x000000001be2bb90:   000000001b056000 00007fff84fc6a1c
0x000000001be2bba0:   0000000000000000 0000000000000000
0x000000001be2bbb0:   0000000000000000 0000000000000000
0x000000001be2bbc0:   0000000000000002 0000000000000000
0x000000001be2bbd0:   0000000000000000 000000001a11f1e8
0x000000001be2bbe0:   000000001be2bd80 00000000000003d8
0x000000001be2bbf0:   000000001a11ee80 000000001b0561f8
0x000000001be2bc00:   0000000000000000 00007fff87bba7d0
0x000000001be2bc10:   000000000031047a 00007fff00000287
0x000000001be2bc20:   0000000000000006 0000000000000000
0x000000001be2bc30:   0000000000000000 00007fff00000001
0x000000001be2bc40:   0000000000000000 000000001afaf540
0x000000001be2bc50:   0000000000000000 00007fff84fd04ea
0x000000001be2bc60:   0000000000000000 0000000000000000
0x000000001be2bc70:   0000000000000006 0000000000000000
0x000000001be2bc80:   00007fff87bba7d0 00007fff85030170 

Instructions: (pc=0x00000000610fa07b)
0x00000000610fa05b:   08 48 8b cb e8 cc 4f 08 00 48 63 0b 8d 41 01 89
0x00000000610fa06b:   03 48 8b 43 18 48 89 34 c8 eb 05 48 89 7c 24 40
0x00000000610fa07b:   48 8b 56 08 48 8d 4c 24 70 0f b7 42 24 48 8b 52
0x00000000610fa08b:   08 48 8b 54 c2 50 e8 6a d8 0e 00 4c 8d 1d 2b 2b 


Register to memory mapping:

RAX=0x000000001be2bc48 is pointing into the stack for thread: 0x000000001b056000
RBX=0x000000001afaf540 is an unknown value
RCX=0x0000000000000000 is an unknown value
RDX=0x000000001be2bc40 is pointing into the stack for thread: 0x000000001b056000
RSP=0x000000001be2bb90 is pointing into the stack for thread: 0x000000001b056000
RBP=0x000000001be2bc90 is pointing into the stack for thread: 0x000000001b056000
RSI=0x0000000000000000 is an unknown value
RDI=0x0000000000000000 is an unknown value
R8 =0x000000001affc420 is a global jni handle
R9 =0x0000000000000001 is an unknown value
R10=0x0000000000000000 is an unknown value
R11=0x0000000000000246 is an unknown value
R12=0x000000001b004830 is an unknown value
R13=0x000000001b056000 is a thread
R14=0x000000001a11ee00 is an unknown value
R15=0x000000001be2bd50 is pointing into the stack for thread: 0x000000001b056000


Stack: [0x000000001bd30000,0x000000001be30000],  sp=0x000000001be2bb90,  free space=1006k
Native frames: (J=compiled Java code, j=interpreted, Vv=VM code, C=native code)
V  [jvm.dll+0x14a07b]
V  [jvm.dll+0x14fcd8]
C  [glass.dll+0x518c]
C  [glass.dll+0x1a4cd]
C  [glass.dll+0xa38f]
C  [glass.dll+0x1898]
C  [USER32.dll+0x16d41]
C  [USER32.dll+0x1634e]
C  [USER32.dll+0x160d8]
C  [glass.dll+0x1abc0]
C  0x0000000003328c67

Java frames: (J=compiled Java code, j=interpreted, Vv=VM code)
j  com.sun.glass.ui.win.WinView._enterFullscreen(JZZZ)Z+0
j  com.sun.glass.ui.View.enterFullscreen(ZZZ)Z+15
j  com.sun.javafx.tk.quantum.WindowStage.applyFullScreen()V+77
j  com.sun.javafx.tk.quantum.WindowStage.setFullScreen(Z)V+50
j  javafx.stage.Stage.setFullScreen(Z)V+26
j  pacman.startgame.lambda$new$0(Ljavafx/stage/Stage;Ljavafx/event/ActionEvent;)V+110
j  pacman.startgame$$Lambda$73.handle(Ljavafx/event/Event;)V+12
j  com.sun.javafx.event.CompositeEventHandler.dispatchBubblingEvent(Ljavafx/event/Event;)V+51
J 875 C1 com.sun.javafx.event.EventHandlerManager.dispatchBubblingEvent(Ljavafx/event/EventType;Ljavafx/event/Event;)Ljavafx/event/Event; (34 bytes) @ 0x000000000365be2c [0x000000000365b8c0+0x56c]
j  com.sun.javafx.event.EventHandlerManager.dispatchBubblingEvent(Ljavafx/event/Event;)Ljavafx/event/Event;+8
j  com.sun.javafx.event.CompositeEventDispatcher.dispatchBubblingEvent(Ljavafx/event/Event;)Ljavafx/event/Event;+11
j  com.sun.javafx.event.BasicEventDispatcher.dispatchEvent(Ljavafx/event/Event;Ljavafx/event/EventDispatchChain;)Ljavafx/event/Event;+29
j  com.sun.javafx.event.EventDispatchChainImpl.dispatchEvent(Ljavafx/event/Event;)Ljavafx/event/Event;+69
j  com.sun.javafx.event.BasicEventDispatcher.dispatchEvent(Ljavafx/event/Event;Ljavafx/event/EventDispatchChain;)Ljavafx/event/Event;+17
j  com.sun.javafx.event.EventDispatchChainImpl.dispatchEvent(Ljavafx/event/Event;)Ljavafx/event/Event;+69
j  com.sun.javafx.event.BasicEventDispatcher.dispatchEvent(Ljavafx/event/Event;Ljavafx/event/EventDispatchChain;)Ljavafx/event/Event;+17
j  com.sun.javafx.event.EventDispatchChainImpl.dispatchEvent(Ljavafx/event/Event;)Ljavafx/event/Event;+69
j  com.sun.javafx.event.EventUtil.fireEventImpl(Ljavafx/event/EventDispatchChain;Ljavafx/event/EventTarget;Ljavafx/event/Event;)Ljavafx/event/Event;+10
j  com.sun.javafx.event.EventUtil.fireEvent(Ljavafx/event/EventTarget;Ljavafx/event/Event;)Ljavafx/event/Event;+37
j  javafx.event.Event.fireEvent(Ljavafx/event/EventTarget;Ljavafx/event/Event;)V+30
j  javafx.scene.Node.fireEvent(Ljavafx/event/Event;)V+86
j  javafx.scene.control.Button.fire()V+15
j  com.sun.javafx.scene.control.behavior.ButtonBehavior.mouseReleased(Ljavafx/scene/input/MouseEvent;)V+23
j  com.sun.javafx.scene.control.skin.BehaviorSkinBase$1.handle(Ljavafx/scene/input/MouseEvent;)V+83
j  com.sun.javafx.scene.control.skin.BehaviorSkinBase$1.handle(Ljavafx/event/Event;)V+5
j  com.sun.javafx.event.CompositeEventHandler$NormalEventHandlerRecord.handleBubblingEvent(Ljavafx/event/Event;)V+5
j  com.sun.javafx.event.CompositeEventHandler.dispatchBubblingEvent(Ljavafx/event/Event;)V+28
J 875 C1 com.sun.javafx.event.EventHandlerManager.dispatchBubblingEvent(Ljavafx/event/EventType;Ljavafx/event/Event;)Ljavafx/event/Event; (34 bytes) @ 0x000000000365be2c [0x000000000365b8c0+0x56c]
j  com.sun.javafx.event.EventHandlerManager.dispatchBubblingEvent(Ljavafx/event/Event;)Ljavafx/event/Event;+8
j  com.sun.javafx.event.CompositeEventDispatcher.dispatchBubblingEvent(Ljavafx/event/Event;)Ljavafx/event/Event;+11
j  com.sun.javafx.event.BasicEventDispatcher.dispatchEvent(Ljavafx/event/Event;Ljavafx/event/EventDispatchChain;)Ljavafx/event/Event;+29
j  com.sun.javafx.event.EventDispatchChainImpl.dispatchEvent(Ljavafx/event/Event;)Ljavafx/event/Event;+69
j  com.sun.javafx.event.BasicEventDispatcher.dispatchEvent(Ljavafx/event/Event;Ljavafx/event/EventDispatchChain;)Ljavafx/event/Event;+17
j  com.sun.javafx.event.EventDispatchChainImpl.dispatchEvent(Ljavafx/event/Event;)Ljavafx/event/Event;+69
j  com.sun.javafx.event.BasicEventDispatcher.dispatchEvent(Ljavafx/event/Event;Ljavafx/event/EventDispatchChain;)Ljavafx/event/Event;+17
j  com.sun.javafx.event.EventDispatchChainImpl.dispatchEvent(Ljavafx/event/Event;)Ljavafx/event/Event;+69
j  com.sun.javafx.event.EventUtil.fireEventImpl(Ljavafx/event/EventDispatchChain;Ljavafx/event/EventTarget;Ljavafx/event/Event;)Ljavafx/event/Event;+10
j  com.sun.javafx.event.EventUtil.fireEvent(Ljavafx/event/EventTarget;Ljavafx/event/Event;)Ljavafx/event/Event;+46
j  javafx.event.Event.fireEvent(Ljavafx/event/EventTarget;Ljavafx/event/Event;)V+30
j  javafx.scene.Scene$MouseHandler.process(Ljavafx/scene/input/MouseEvent;Z)V+491
j  javafx.scene.Scene$MouseHandler.access$1500(Ljavafx/scene/Scene$MouseHandler;Ljavafx/scene/input/MouseEvent;Z)V+3
j  javafx.scene.Scene.impl_processMouseEvent(Ljavafx/scene/input/MouseEvent;)V+6
j  javafx.scene.Scene$ScenePeerListener.mouseEvent(Ljavafx/event/EventType;DDDDLjavafx/scene/input/MouseButton;ZZZZZZZZZ)V+46
j  com.sun.javafx.tk.quantum.GlassViewEventHandler$MouseEventNotification.run()Ljava/lang/Void;+571
j  com.sun.javafx.tk.quantum.GlassViewEventHandler$MouseEventNotification.run()Ljava/lang/Object;+1
v  ~StubRoutines::call_stub
j  java.security.AccessController.doPrivileged(Ljava/security/PrivilegedAction;Ljava/security/AccessControlContext;)Ljava/lang/Object;+0
j  com.sun.javafx.tk.quantum.GlassViewEventHandler.lambda$handleMouseEvent$2()Ljava/lang/Void;+11
j  com.sun.javafx.tk.quantum.GlassViewEventHandler$$Lambda$116.get()Ljava/lang/Object;+4
j  com.sun.javafx.tk.quantum.QuantumToolkit.runWithoutRenderLock(Ljava/util/function/Supplier;)Ljava/lang/Object;+18
j  com.sun.javafx.tk.quantum.GlassViewEventHandler.handleMouseEvent(Lcom/sun/glass/ui/View;JIIIIIIIZZ)V+103
j  com.sun.glass.ui.View.handleMouseEvent(JIIIIIIIZZ)V+30
j  com.sun.glass.ui.View.notifyMouse(IIIIIIIZZ)V+181
v  ~StubRoutines::call_stub
j  com.sun.glass.ui.win.WinApplication._runLoop(Ljava/lang/Runnable;)V+0
j  com.sun.glass.ui.win.WinApplication.lambda$null$3(ILjava/lang/Runnable;)V+8
j  com.sun.glass.ui.win.WinApplication$$Lambda$37.run()V+12
j  java.lang.Thread.run()V+11
v  ~StubRoutines::call_stub

---------------  P R O C E S S  ---------------

Java Threads: ( => current thread )
  0x000000001b223000 JavaThread "Prism Font Disposer" daemon [_thread_blocked, id=17236, stack(0x0000000024c60000,0x0000000024d60000)]
  0x000000001b0c0800 JavaThread "Thread-3" daemon [_thread_in_native, id=16288, stack(0x0000000022940000,0x0000000022a40000)]
  0x000000001b085000 JavaThread "JavaFX-Launcher" [_thread_blocked, id=17384, stack(0x0000000022b40000,0x0000000022c40000)]
=>0x000000001b056000 JavaThread "JavaFX Application Thread" [_thread_in_vm, id=7160, stack(0x000000001bd30000,0x000000001be30000)]
  0x000000001afed800 JavaThread "Thread-1" daemon [_thread_blocked, id=15860, stack(0x000000001bc30000,0x000000001bd30000)]
  0x000000001afde800 JavaThread "QuantumRenderer-0" daemon [_thread_blocked, id=17160, stack(0x000000001b9e0000,0x000000001bae0000)]
  0x000000001a158000 JavaThread "Service Thread" daemon [_thread_blocked, id=15020, stack(0x000000001ad80000,0x000000001ae80000)]
  0x000000001a0db000 JavaThread "C1 CompilerThread3" daemon [_thread_blocked, id=15656, stack(0x000000001ac80000,0x000000001ad80000)]
  0x000000001a0cb000 JavaThread "C2 CompilerThread2" daemon [_thread_in_native, id=17328, stack(0x000000001ab80000,0x000000001ac80000)]
  0x000000001a0ca000 JavaThread "C2 CompilerThread1" daemon [_thread_in_native, id=2464, stack(0x000000001aa80000,0x000000001ab80000)]
  0x000000001a0c6000 JavaThread "C2 CompilerThread0" daemon [_thread_blocked, id=13848, stack(0x000000001a980000,0x000000001aa80000)]
  0x000000001a0c3000 JavaThread "Attach Listener" daemon [_thread_blocked, id=3352, stack(0x000000001a880000,0x000000001a980000)]
  0x000000001a0c2800 JavaThread "Signal Dispatcher" daemon [_thread_blocked, id=6180, stack(0x000000001a780000,0x000000001a880000)]
  0x0000000003309000 JavaThread "Finalizer" daemon [_thread_blocked, id=16952, stack(0x000000001a590000,0x000000001a690000)]
  0x000000001a0b1800 JavaThread "Reference Handler" daemon [_thread_blocked, id=16112, stack(0x000000001a490000,0x000000001a590000)]
  0x0000000003212800 JavaThread "main" [_thread_blocked, id=16932, stack(0x0000000003110000,0x0000000003210000)]

Other Threads:
  0x00000000182b9800 VMThread [stack: 0x0000000019f90000,0x000000001a090000] [id=17068]
  0x000000001a179000 WatcherThread [stack: 0x000000001ae80000,0x000000001af80000] [id=17252]

VM state:not at safepoint (normal execution)

VM Mutex/Monitor currently owned by a thread: None

heap address: 0x0000000081600000, size: 2026 MB, Compressed Oops mode: 32-bit
Narrow klass base: 0x0000000000000000, Narrow klass shift: 3
Compressed class space size: 1073741824 Address: 0x0000000100000000

Heap:
 PSYoungGen      total 38400K, used 35865K [0x00000000d5d00000, 0x00000000d8780000, 0x0000000100000000)
  eden space 33280K, 92% used [0x00000000d5d00000,0x00000000d7b06758,0x00000000d7d80000)
  from space 5120K, 99% used [0x00000000d8280000,0x00000000d877fcc0,0x00000000d8780000)
  to   space 5120K, 0% used [0x00000000d7d80000,0x00000000d7d80000,0x00000000d8280000)
 ParOldGen       total 87552K, used 8330K [0x0000000081600000, 0x0000000086b80000, 0x00000000d5d00000)
  object space 87552K, 9% used [0x0000000081600000,0x0000000081e22998,0x0000000086b80000)
 Metaspace       used 13428K, capacity 14032K, committed 14080K, reserved 1060864K
  class space    used 1849K, capacity 2005K, committed 2048K, reserved 1048576K

Card table byte_map: [0x00000000126d0000,0x0000000012ad0000] byte_map_base: 0x00000000122c5000

Marking Bits: (ParMarkBitMap*) 0x00000000617d5ce0
 Begin Bits: [0x0000000013580000, 0x0000000015528000)
 End Bits:   [0x0000000015528000, 0x00000000174d0000)

Polling page: 0x0000000001230000

CodeCache: size=245760Kb used=6016Kb max_used=6037Kb free=239743Kb
 bounds [0x0000000003310000, 0x0000000003900000, 0x0000000012310000]
 total_blobs=2370 nmethods=1745 adapters=536
 compilation: enabled

Compilation events (10 events):
Event: 8.684 Thread 0x000000001a0db000 nmethod 1746 0x00000000038ea890 code [0x00000000038eaa00, 0x00000000038eaca8]
Event: 8.685 Thread 0x000000001a0c6000 nmethod 1696 0x00000000038ee550 code [0x00000000038ee820, 0x00000000038ef328]
Event: 8.685 Thread 0x000000001a0c6000 1747       4       javafx.scene.shape.Circle::getCenterX (19 bytes)
Event: 8.686 Thread 0x000000001a0c6000 nmethod 1747 0x00000000038eb490 code [0x00000000038eb5e0, 0x00000000038eb708]
Event: 8.686 Thread 0x000000001a0c6000 1741       4       javafx.beans.property.ObjectPropertyBase::<init> (30 bytes)
Event: 8.686 Thread 0x000000001a0c6000 nmethod 1741 0x00000000038eb190 code [0x00000000038eb2c0, 0x00000000038eb398]
Event: 8.686 Thread 0x000000001a0c6000 1738       4       com.sun.javafx.geom.AreaIterator::isDone (20 bytes)
Event: 8.686 Thread 0x000000001a0c6000 nmethod 1738 0x00000000038eaf90 code [0x00000000038eb0c0, 0x00000000038eb138]
Event: 8.686 Thread 0x000000001a0c6000 1740       4       javafx.scene.shape.Path::<init> (52 bytes)
Event: 8.727 Thread 0x000000001a0c6000 nmethod 1740 0x00000000038f46d0 code [0x00000000038f4a80, 0x00000000038f70a0]

GC Heap History (4 events):
Event: 8.340 GC heap before
{Heap before GC invocations=1 (full 0):
 PSYoungGen      total 38400K, used 33280K [0x00000000d5d00000, 0x00000000d8780000, 0x0000000100000000)
  eden space 33280K, 100% used [0x00000000d5d00000,0x00000000d7d80000,0x00000000d7d80000)
  from space 5120K, 0% used [0x00000000d8280000,0x00000000d8280000,0x00000000d8780000)
  to   space 5120K, 0% used [0x00000000d7d80000,0x00000000d7d80000,0x00000000d8280000)
 ParOldGen       total 87552K, used 0K [0x0000000081600000, 0x0000000086b80000, 0x00000000d5d00000)
  object space 87552K, 0% used [0x0000000081600000,0x0000000081600000,0x0000000086b80000)
 Metaspace       used 12919K, capacity 13530K, committed 13824K, reserved 1060864K
  class space    used 1794K, capacity 1950K, committed 2048K, reserved 1048576K
Event: 8.345 GC heap after
Heap after GC invocations=1 (full 0):
 PSYoungGen      total 38400K, used 5119K [0x00000000d5d00000, 0x00000000d8780000, 0x0000000100000000)
  eden space 33280K, 0% used [0x00000000d5d00000,0x00000000d5d00000,0x00000000d7d80000)
  from space 5120K, 99% used [0x00000000d7d80000,0x00000000d827fce0,0x00000000d8280000)
  to   space 5120K, 0% used [0x00000000d8280000,0x00000000d8280000,0x00000000d8780000)
 ParOldGen       total 87552K, used 4648K [0x0000000081600000, 0x0000000086b80000, 0x00000000d5d00000)
  object space 87552K, 5% used [0x0000000081600000,0x0000000081a8a378,0x0000000086b80000)
 Metaspace       used 12919K, capacity 13530K, committed 13824K, reserved 1060864K
  class space    used 1794K, capacity 1950K, committed 2048K, reserved 1048576K
}
Event: 8.527 GC heap before
{Heap before GC invocations=2 (full 0):
 PSYoungGen      total 38400K, used 38399K [0x00000000d5d00000, 0x00000000d8780000, 0x0000000100000000)
  eden space 33280K, 100% used [0x00000000d5d00000,0x00000000d7d80000,0x00000000d7d80000)
  from space 5120K, 99% used [0x00000000d7d80000,0x00000000d827fce0,0x00000000d8280000)
  to   space 5120K, 0% used [0x00000000d8280000,0x00000000d8280000,0x00000000d8780000)
 ParOldGen       total 87552K, used 4648K [0x0000000081600000, 0x0000000086b80000, 0x00000000d5d00000)
  object space 87552K, 5% used [0x0000000081600000,0x0000000081a8a378,0x0000000086b80000)
 Metaspace       used 13349K, capacity 13956K, committed 14080K, reserved 1060864K
  class space    used 1845K, capacity 2003K, committed 2048K, reserved 1048576K
Event: 8.531 GC heap after
Heap after GC invocations=2 (full 0):
 PSYoungGen      total 38400K, used 5119K [0x00000000d5d00000, 0x00000000d8780000, 0x0000000100000000)
  eden space 33280K, 0% used [0x00000000d5d00000,0x00000000d5d00000,0x00000000d7d80000)
  from space 5120K, 99% used [0x00000000d8280000,0x00000000d877fcc0,0x00000000d8780000)
  to   space 5120K, 0% used [0x00000000d7d80000,0x00000000d7d80000,0x00000000d8280000)
 ParOldGen       total 87552K, used 8330K [0x0000000081600000, 0x0000000086b80000, 0x00000000d5d00000)
  object space 87552K, 9% used [0x0000000081600000,0x0000000081e22998,0x0000000086b80000)
 Metaspace       used 13349K, capacity 13956K, committed 14080K, reserved 1060864K
  class space    used 1845K, capacity 2003K, committed 2048K, reserved 1048576K
}

Deoptimization events (10 events):
Event: 8.648 Thread 0x000000001b056000 Uncommon trap: reason=array_check action=maybe_recompile pc=0x00000000038b7fe0 method=java.util.TimSort.reverseRange([Ljava/lang/Object;II)V @ 20
Event: 8.648 Thread 0x000000001b056000 Uncommon trap: reason=array_check action=maybe_recompile pc=0x00000000038b7fe0 method=java.util.TimSort.reverseRange([Ljava/lang/Object;II)V @ 20
Event: 8.648 Thread 0x000000001b056000 Uncommon trap: reason=array_check action=maybe_recompile pc=0x00000000038b7fe0 method=java.util.TimSort.reverseRange([Ljava/lang/Object;II)V @ 20
Event: 8.652 Thread 0x000000001b056000 Uncommon trap: reason=array_check action=maybe_recompile pc=0x00000000038b2044 method=java.util.TimSort.reverseRange([Ljava/lang/Object;II)V @ 27
Event: 8.652 Thread 0x000000001b056000 Uncommon trap: reason=array_check action=maybe_recompile pc=0x00000000038b2044 method=java.util.TimSort.reverseRange([Ljava/lang/Object;II)V @ 27
Event: 8.671 Thread 0x000000001b056000 Uncommon trap: reason=bimorphic action=maybe_recompile pc=0x0000000003884bb0 method=javafx.scene.Node.transformedBoundsChanged()V @ 28
Event: 8.671 Thread 0x000000001b056000 Uncommon trap: reason=bimorphic action=maybe_recompile pc=0x0000000003884bb0 method=javafx.scene.Node.transformedBoundsChanged()V @ 28
Event: 8.671 Thread 0x000000001b056000 Uncommon trap: reason=bimorphic action=maybe_recompile pc=0x0000000003884bb0 method=javafx.scene.Node.transformedBoundsChanged()V @ 28
Event: 8.675 Thread 0x000000001afde800 Uncommon trap: reason=unstable_if action=reinterpret pc=0x00000000037de974 method=com.sun.javafx.geom.transform.AffineBase.updateState2D()V @ 42
Event: 8.675 Thread 0x000000001afde800 Uncommon trap: reason=unstable_if action=reinterpret pc=0x00000000037f9768 method=com.sun.javafx.geom.transform.AffineBase.updateState2D()V @ 42

Classes redefined (0 events):
No events

Internal exceptions (10 events):
Event: 0.204 Thread 0x0000000003212800 Exception <a 'java/lang/NoSuchFieldError': method resolution failed> (0x00000000d5f37610) thrown at [C:\re\workspace\8-2-build-windows-amd64-cygwin\jdk8u221\13320\hotspot\src\share\vm\prims\methodHandles.cpp, line 1167]
Event: 0.206 Thread 0x0000000003212800 Exception <a 'java/lang/NoSuchFieldError': method resolution failed> (0x00000000d5f44990) thrown at [C:\re\workspace\8-2-build-windows-amd64-cygwin\jdk8u221\13320\hotspot\src\share\vm\prims\methodHandles.cpp, line 1167]
Event: 0.235 Thread 0x0000000003212800 Exception <a 'java/security/PrivilegedActionException'> (0x00000000d5fcfa20) thrown at [C:\re\workspace\8-2-build-windows-amd64-cygwin\jdk8u221\13320\hotspot\src\share\vm\prims\jvm.cpp, line 1502]
Event: 0.235 Thread 0x0000000003212800 Exception <a 'java/security/PrivilegedActionException'> (0x00000000d5fcfc30) thrown at [C:\re\workspace\8-2-build-windows-amd64-cygwin\jdk8u221\13320\hotspot\src\share\vm\prims\jvm.cpp, line 1502]
Event: 0.236 Thread 0x0000000003212800 Exception <a 'java/security/PrivilegedActionException'> (0x00000000d5fd3b40) thrown at [C:\re\workspace\8-2-build-windows-amd64-cygwin\jdk8u221\13320\hotspot\src\share\vm\prims\jvm.cpp, line 1502]
Event: 0.236 Thread 0x0000000003212800 Exception <a 'java/security/PrivilegedActionException'> (0x00000000d5fd3d50) thrown at [C:\re\workspace\8-2-build-windows-amd64-cygwin\jdk8u221\13320\hotspot\src\share\vm\prims\jvm.cpp, line 1502]
Event: 0.237 Thread 0x0000000003212800 Exception <a 'java/lang/NullPointerException'> (0x00000000d5fd4328) thrown at [C:\re\workspace\8-2-build-windows-amd64-cygwin\jdk8u221\13320\hotspot\src\share\vm\interpreter\linkResolver.cpp, line 1185]
Event: 0.607 Thread 0x000000001b056000 Exception <a 'java/lang/NullPointerException'> (0x00000000d69376b0) thrown at [C:\re\workspace\8-2-build-windows-amd64-cygwin\jdk8u221\13320\hotspot\src\share\vm\interpreter\linkResolver.cpp, line 1185]
Event: 0.607 Thread 0x000000001b056000 Exception <a 'java/lang/NullPointerException'> (0x00000000d69376b0) thrown at [C:\re\workspace\8-2-build-windows-amd64-cygwin\jdk8u221\13320\hotspot\src\share\vm\prims\jvm.cpp, line 1506]
Event: 8.405 Thread 0x000000001b056000 Implicit null exception at 0x000000000379e219 to 0x000000000379e498

Events (10 events):
Event: 8.671 Thread 0x000000001b056000 DEOPT PACKING pc=0x0000000003884bb0 sp=0x000000001be24b60
Event: 8.671 Thread 0x000000001b056000 DEOPT UNPACKING pc=0x000000000335583b sp=0x000000001be24b70 mode 2
Event: 8.675 Thread 0x000000001afde800 Uncommon trap: trap_request=0xffffff65 fr.pc=0x00000000037de974
Event: 8.675 Thread 0x000000001afde800 DEOPT PACKING pc=0x00000000037de974 sp=0x000000001baddff0
Event: 8.675 Thread 0x000000001afde800 DEOPT UNPACKING pc=0x000000000335583b sp=0x000000001baddee0 mode 2
Event: 8.675 Thread 0x000000001afde800 Uncommon trap: trap_request=0xffffff65 fr.pc=0x00000000037f9768
Event: 8.676 Thread 0x000000001afde800 DEOPT PACKING pc=0x00000000037f9768 sp=0x000000001baddf30
Event: 8.676 Thread 0x000000001afde800 DEOPT UNPACKING pc=0x000000000335583b sp=0x000000001badded8 mode 2
Event: 8.676 Executing VM operation: RevokeBias
Event: 8.676 Executing VM operation: RevokeBias done


Dynamic libraries:
0x00007ff76a9f0000 - 0x00007ff76aa27000 	C:\Program Files\Java\jdk1.8.0_221\jre\bin\java.exe
0x00007fff87b20000 - 0x00007fff87d01000 	C:\Windows\SYSTEM32\ntdll.dll
0x00007fff877f0000 - 0x00007fff878a1000 	C:\Windows\System32\KERNEL32.DLL
0x00007fff84cd0000 - 0x00007fff84f43000 	C:\Windows\System32\KERNELBASE.dll
0x00007fff86f30000 - 0x00007fff86fd1000 	C:\Windows\System32\ADVAPI32.dll
0x00007fff874d0000 - 0x00007fff8756e000 	C:\Windows\System32\msvcrt.dll
0x00007fff875d0000 - 0x00007fff8762b000 	C:\Windows\System32\sechost.dll
0x00007fff879c0000 - 0x00007fff87ae4000 	C:\Windows\System32\RPCRT4.dll
0x00007fff84fb0000 - 0x00007fff85140000 	C:\Windows\System32\USER32.dll
0x00007fff84b60000 - 0x00007fff84b80000 	C:\Windows\System32\win32u.dll
0x00007fff866e0000 - 0x00007fff86708000 	C:\Windows\System32\GDI32.dll
0x00007fff83ef0000 - 0x00007fff84081000 	C:\Windows\System32\gdi32full.dll
0x00007fff84b80000 - 0x00007fff84c1f000 	C:\Windows\System32\msvcp_win.dll
0x00007fff840e0000 - 0x00007fff841d8000 	C:\Windows\System32\ucrtbase.dll
0x00007fff6b160000 - 0x00007fff6b3c9000 	C:\Windows\WinSxS\amd64_microsoft.windows.common-controls_6595b64144ccf1df_6.0.17134.885_none_fb42a3473065565f\COMCTL32.dll
0x00007fff86b00000 - 0x00007fff86e22000 	C:\Windows\System32\combase.dll
0x00007fff84ae0000 - 0x00007fff84b59000 	C:\Windows\System32\bcryptPrimitives.dll
0x00007fff874a0000 - 0x00007fff874cd000 	C:\Windows\System32\IMM32.DLL
0x0000000061f50000 - 0x0000000062022000 	C:\Program Files\Java\jdk1.8.0_221\jre\bin\msvcr100.dll
0x0000000060fb0000 - 0x0000000061855000 	C:\Program Files\Java\jdk1.8.0_221\jre\bin\server\jvm.dll
0x00007fff86e90000 - 0x00007fff86e98000 	C:\Windows\System32\PSAPI.DLL
0x00007fff76c20000 - 0x00007fff76c43000 	C:\Windows\SYSTEM32\WINMM.dll
0x00007fff60e10000 - 0x00007fff60e19000 	C:\Windows\SYSTEM32\WSOCK32.dll
0x00007fff7f800000 - 0x00007fff7f80a000 	C:\Windows\SYSTEM32\VERSION.dll
0x00007fff86fe0000 - 0x00007fff8704c000 	C:\Windows\System32\WS2_32.dll
0x00007fff76a10000 - 0x00007fff76a3a000 	C:\Windows\SYSTEM32\WINMMBASE.dll
0x00007fff84090000 - 0x00007fff840d9000 	C:\Windows\System32\cfgmgr32.dll
0x00007fff820e0000 - 0x00007fff820ef000 	C:\Program Files\Java\jdk1.8.0_221\jre\bin\verify.dll
0x00007fff7d710000 - 0x00007fff7d739000 	C:\Program Files\Java\jdk1.8.0_221\jre\bin\java.dll
0x00007fff7da20000 - 0x00007fff7da36000 	C:\Program Files\Java\jdk1.8.0_221\jre\bin\zip.dll
0x00007fff85140000 - 0x00007fff86580000 	C:\Windows\System32\SHELL32.dll
0x00007fff87690000 - 0x00007fff87739000 	C:\Windows\System32\shcore.dll
0x00007fff843d0000 - 0x00007fff84add000 	C:\Windows\System32\windows.storage.dll
0x00007fff86e30000 - 0x00007fff86e81000 	C:\Windows\System32\shlwapi.dll
0x00007fff83ed0000 - 0x00007fff83ee1000 	C:\Windows\System32\kernel.appcore.dll
0x00007fff83e90000 - 0x00007fff83eaf000 	C:\Windows\System32\profapi.dll
0x00007fff83e30000 - 0x00007fff83e7c000 	C:\Windows\System32\powrprof.dll
0x00007fff83e80000 - 0x00007fff83e8a000 	C:\Windows\System32\FLTLIB.DLL
0x00000000030e0000 - 0x00000000030e3000 	C:\Program Files\Java\jdk1.8.0_221\jre\bin\api-ms-win-core-console-l1-1-0.dll
0x00000000030f0000 - 0x00000000030f3000 	C:\Program Files\Java\jdk1.8.0_221\jre\bin\api-ms-win-core-datetime-l1-1-0.dll
0x000000001b780000 - 0x000000001b783000 	C:\Program Files\Java\jdk1.8.0_221\jre\bin\api-ms-win-core-debug-l1-1-0.dll
0x000000001b790000 - 0x000000001b793000 	C:\Program Files\Java\jdk1.8.0_221\jre\bin\api-ms-win-core-errorhandling-l1-1-0.dll
0x000000001b7a0000 - 0x000000001b7a4000 	C:\Program Files\Java\jdk1.8.0_221\jre\bin\api-ms-win-core-file-l1-1-0.dll
0x000000001b7b0000 - 0x000000001b7b3000 	C:\Program Files\Java\jdk1.8.0_221\jre\bin\api-ms-win-core-file-l1-2-0.dll
0x000000001b7c0000 - 0x000000001b7c3000 	C:\Program Files\Java\jdk1.8.0_221\jre\bin\api-ms-win-core-file-l2-1-0.dll
0x000000001b7d0000 - 0x000000001b7d3000 	C:\Program Files\Java\jdk1.8.0_221\jre\bin\api-ms-win-core-handle-l1-1-0.dll
0x000000001b7e0000 - 0x000000001b7e3000 	C:\Program Files\Java\jdk1.8.0_221\jre\bin\api-ms-win-core-heap-l1-1-0.dll
0x000000001b7f0000 - 0x000000001b7f3000 	C:\Program Files\Java\jdk1.8.0_221\jre\bin\api-ms-win-core-interlocked-l1-1-0.dll
0x000000001b800000 - 0x000000001b803000 	C:\Program Files\Java\jdk1.8.0_221\jre\bin\api-ms-win-core-libraryloader-l1-1-0.dll
0x000000001b810000 - 0x000000001b813000 	C:\Program Files\Java\jdk1.8.0_221\jre\bin\api-ms-win-core-localization-l1-2-0.dll
0x000000001b820000 - 0x000000001b823000 	C:\Program Files\Java\jdk1.8.0_221\jre\bin\api-ms-win-core-memory-l1-1-0.dll
0x000000001b830000 - 0x000000001b833000 	C:\Program Files\Java\jdk1.8.0_221\jre\bin\api-ms-win-core-namedpipe-l1-1-0.dll
0x000000001b840000 - 0x000000001b843000 	C:\Program Files\Java\jdk1.8.0_221\jre\bin\api-ms-win-core-processenvironment-l1-1-0.dll
0x000000001b850000 - 0x000000001b853000 	C:\Program Files\Java\jdk1.8.0_221\jre\bin\api-ms-win-core-processthreads-l1-1-0.dll
0x000000001b860000 - 0x000000001b863000 	C:\Program Files\Java\jdk1.8.0_221\jre\bin\api-ms-win-core-processthreads-l1-1-1.dll
0x000000001b870000 - 0x000000001b873000 	C:\Program Files\Java\jdk1.8.0_221\jre\bin\api-ms-win-core-profile-l1-1-0.dll
0x000000001b880000 - 0x000000001b883000 	C:\Program Files\Java\jdk1.8.0_221\jre\bin\api-ms-win-core-rtlsupport-l1-1-0.dll
0x000000001b890000 - 0x000000001b893000 	C:\Program Files\Java\jdk1.8.0_221\jre\bin\api-ms-win-core-string-l1-1-0.dll
0x000000001b8a0000 - 0x000000001b8a3000 	C:\Program Files\Java\jdk1.8.0_221\jre\bin\api-ms-win-core-synch-l1-1-0.dll
0x000000001b8b0000 - 0x000000001b8b3000 	C:\Program Files\Java\jdk1.8.0_221\jre\bin\api-ms-win-core-synch-l1-2-0.dll
0x000000001b8c0000 - 0x000000001b8c3000 	C:\Program Files\Java\jdk1.8.0_221\jre\bin\api-ms-win-core-sysinfo-l1-1-0.dll
0x000000001b8d0000 - 0x000000001b8d3000 	C:\Program Files\Java\jdk1.8.0_221\jre\bin\api-ms-win-core-timezone-l1-1-0.dll
0x000000001b8e0000 - 0x000000001b8e3000 	C:\Program Files\Java\jdk1.8.0_221\jre\bin\api-ms-win-core-util-l1-1-0.dll
0x000000001b8f0000 - 0x000000001b8f3000 	C:\Program Files\Java\jdk1.8.0_221\jre\bin\api-ms-win-crt-conio-l1-1-0.dll
0x000000001b900000 - 0x000000001b904000 	C:\Program Files\Java\jdk1.8.0_221\jre\bin\api-ms-win-crt-convert-l1-1-0.dll
0x000000001b910000 - 0x000000001b913000 	C:\Program Files\Java\jdk1.8.0_221\jre\bin\api-ms-win-crt-environment-l1-1-0.dll
0x000000001b920000 - 0x000000001b923000 	C:\Program Files\Java\jdk1.8.0_221\jre\bin\api-ms-win-crt-filesystem-l1-1-0.dll
0x000000001b930000 - 0x000000001b933000 	C:\Program Files\Java\jdk1.8.0_221\jre\bin\api-ms-win-crt-heap-l1-1-0.dll
0x000000001b940000 - 0x000000001b943000 	C:\Program Files\Java\jdk1.8.0_221\jre\bin\api-ms-win-crt-locale-l1-1-0.dll
0x000000001b950000 - 0x000000001b955000 	C:\Program Files\Java\jdk1.8.0_221\jre\bin\api-ms-win-crt-math-l1-1-0.dll
0x000000001b960000 - 0x000000001b965000 	C:\Program Files\Java\jdk1.8.0_221\jre\bin\api-ms-win-crt-multibyte-l1-1-0.dll
0x000000001b970000 - 0x000000001b980000 	C:\Program Files\Java\jdk1.8.0_221\jre\bin\api-ms-win-crt-private-l1-1-0.dll
0x000000001b980000 - 0x000000001b983000 	C:\Program Files\Java\jdk1.8.0_221\jre\bin\api-ms-win-crt-process-l1-1-0.dll
0x000000001b990000 - 0x000000001b994000 	C:\Program Files\Java\jdk1.8.0_221\jre\bin\api-ms-win-crt-runtime-l1-1-0.dll
0x000000001b9a0000 - 0x000000001b9a4000 	C:\Program Files\Java\jdk1.8.0_221\jre\bin\api-ms-win-crt-stdio-l1-1-0.dll
0x000000001b9b0000 - 0x000000001b9b4000 	C:\Program Files\Java\jdk1.8.0_221\jre\bin\api-ms-win-crt-string-l1-1-0.dll
0x000000001b9c0000 - 0x000000001b9c3000 	C:\Program Files\Java\jdk1.8.0_221\jre\bin\api-ms-win-crt-time-l1-1-0.dll
0x000000001b9d0000 - 0x000000001b9d3000 	C:\Program Files\Java\jdk1.8.0_221\jre\bin\api-ms-win-crt-utility-l1-1-0.dll
0x00007fff65c90000 - 0x00007fff65d86000 	C:\Program Files\Java\jdk1.8.0_221\jre\bin\ucrtbase.dll
0x00007fff766e0000 - 0x00007fff766f6000 	C:\Program Files\Java\jdk1.8.0_221\jre\bin\vcruntime140.dll
0x00007fff67480000 - 0x00007fff6752a000 	C:\Program Files\Java\jdk1.8.0_221\jre\bin\msvcp140.dll
0x00007fff67d00000 - 0x00007fff67d54000 	C:\Program Files\Java\jdk1.8.0_221\jre\bin\concrt140.dll
0x00007fff67f30000 - 0x00007fff67f53000 	C:\Program Files\Java\jdk1.8.0_221\jre\bin\prism_d3d.dll
0x00007fff69f80000 - 0x00007fff6a117000 	C:\Windows\system32\d3d9.dll
0x00007fff825e0000 - 0x00007fff82609000 	C:\Windows\SYSTEM32\dwmapi.dll
0x00007fff82350000 - 0x00007fff823e8000 	C:\Windows\system32\uxtheme.dll
0x00007fff65aa0000 - 0x00007fff65c8b000 	C:\Windows\System32\DriverStore\FileRepository\iigd_dch_base.inf_amd64_a5a132c6d8339491\igdumdim64.dll
0x00007fff31400000 - 0x00007fff3497d000 	C:\Windows\System32\DriverStore\FileRepository\iigd_dch_base.inf_amd64_a5a132c6d8339491\igd9dxva64.dll
0x00007fff86580000 - 0x00007fff866d1000 	C:\Windows\System32\ole32.dll
0x00007fff86a30000 - 0x00007fff86af2000 	C:\Windows\System32\OLEAUT32.dll
0x00007fff679b0000 - 0x00007fff679f9000 	C:\Program Files\Java\jdk1.8.0_221\jre\bin\glass.dll
0x00007fff878d0000 - 0x00007fff879bd000 	C:\Windows\System32\COMDLG32.dll
0x00007fff868b0000 - 0x00007fff86a23000 	C:\Windows\System32\MSCTF.dll
0x00007fff4b7c0000 - 0x00007fff4b7e4000 	C:\Windows\System32\DriverStore\FileRepository\iigd_dch_base.inf_amd64_a5a132c6d8339491\igdinfo64.dll
0x00007fff775d0000 - 0x00007fff794d1000 	C:\Windows\System32\DriverStore\FileRepository\iigd_dch_base.inf_amd64_a5a132c6d8339491\igc64.dll
0x00007fff67bb0000 - 0x00007fff67bdc000 	C:\Program Files\Java\jdk1.8.0_221\jre\bin\javafx_iio.dll
0x00007fff6ef70000 - 0x00007fff6ef84000 	C:\Program Files\Java\jdk1.8.0_221\jre\bin\javafx_font.dll
0x00007fff63860000 - 0x00007fff63b7a000 	C:\Windows\SYSTEM32\dwrite.dll
0x00007fff87740000 - 0x00007fff877e0000 	C:\Windows\System32\clbcatq.dll
0x00007fff7b700000 - 0x00007fff7b8ae000 	C:\Windows\SYSTEM32\WindowsCodecs.dll
0x00007fff63dc0000 - 0x00007fff63e18000 	C:\Windows\system32\dataexchange.dll
0x00007fff814c0000 - 0x00007fff817cb000 	C:\Windows\system32\d3d11.dll
0x00007fff817d0000 - 0x00007fff8196c000 	C:\Windows\system32\dcomp.dll
0x00007fff82c00000 - 0x00007fff82cbb000 	C:\Windows\system32\dxgi.dll
0x00007fff826c0000 - 0x00007fff82878000 	C:\Windows\system32\twinapi.appcore.dll
0x00007fff82880000 - 0x00007fff828a1000 	C:\Windows\system32\RMCLIENT.dll
0x00007fff67580000 - 0x00007fff675b4000 	C:\Program Files\Common Files\Microsoft Shared\Ink\rtscom.dll
0x00007fff6b820000 - 0x00007fff6b8b6000 	C:\Windows\System32\TextInputFramework.dll
0x00007fff7b220000 - 0x00007fff7b53e000 	C:\Windows\System32\CoreUIComponents.dll
0x00007fff81990000 - 0x00007fff81a6a000 	C:\Windows\System32\CoreMessaging.dll
0x00007fff830a0000 - 0x00007fff830d1000 	C:\Windows\SYSTEM32\ntmarta.dll
0x00007fff80730000 - 0x00007fff8087d000 	C:\Windows\SYSTEM32\wintypes.dll
0x00007fff67a30000 - 0x00007fff67a41000 	C:\Program Files\Java\jdk1.8.0_221\jre\bin\prism_common.dll
0x00007fff80ef0000 - 0x00007fff814b7000 	C:\Windows\SYSTEM32\d2d1.dll
0x00007fff51070000 - 0x00007fff517ee000 	C:\Windows\SYSTEM32\D3D10Warp.dll
0x00007fff742b0000 - 0x00007fff74479000 	C:\Windows\SYSTEM32\dbghelp.dll

VM Arguments:
jvm_args: -Dfile.encoding=UTF-8 
java_command: C:\Users\Work pc\Desktop\assignments ahmed training\pacman\dist\run1256318650\pacman.jar
java_class_path (initial): C:\Users\Work pc\Desktop\assignments ahmed training\pacman\dist\run1256318650\pacman.jar
Launcher Type: SUN_STANDARD

Environment Variables:
JAVA_HOME=C:\Program Files\Java\jdk-12.0.2
PATH=C:\Program Files (x86)\Common Files\Oracle\Java\javapath;C:\Program Files (x86)\Intel\iCLS Client\;C:\Program Files\Intel\iCLS Client\;C:\Windows\system32;C:\Windows;C:\Windows\System32\Wbem;C:\Windows\System32\WindowsPowerShell\v1.0\;C:\Windows\System32\OpenSSH\;C:\Program Files (x86)\NVIDIA Corporation\PhysX\Common;C:\Program Files (x86)\Intel\Intel(R) Management Engine Components\DAL;C:\Program Files\Intel\Intel(R) Management Engine Components\DAL;C:\Program Files (x86)\Intel\Intel(R) Management Engine Components\IPT;C:\Program Files\Intel\Intel(R) Management Engine Components\IPT;C:\Program Files\Common Files\Autodesk Shared\;C:\Program Files\Microsoft SQL Server\120\Tools\Binn\;C:\Users\Work pc\AppData\Local\Microsoft\WindowsApps;
USERNAME=Work pc
OS=Windows_NT
PROCESSOR_IDENTIFIER=Intel64 Family 6 Model 142 Stepping 10, GenuineIntel



---------------  S Y S T E M  ---------------

OS: Windows 10.0 , 64 bit Build 17134 (10.0.17134.753)

CPU:total 8 (initial active 8) (4 cores per cpu, 2 threads per core) family 6 model 142 stepping 10, cmov, cx8, fxsr, mmx, sse, sse2, sse3, ssse3, sse4.1, sse4.2, popcnt, avx, avx2, aes, clmul, erms, 3dnowpref, lzcnt, ht, tsc, tscinvbit, bmi1, bmi2, adx

Memory: 4k page, physical 8295564k(2694308k free), swap 11573064k(2327876k free)

vm_info: Java HotSpot(TM) 64-Bit Server VM (25.221-b11) for windows-amd64 JRE (1.8.0_221-b11), built on Jul  4 2019 04:39:29 by "java_re" with MS VC++ 10.0 (VS2010)

time: Tue Aug 27 12:30:53 2019
timezone: Egypt Standard Time
elapsed time: 8 seconds (0d 0h 0m 8s)

